Start testing: Mar 24 15:54 CET
----------------------------------------------------------
1/1 Testing: model_smoke_test
1/1 Test: model_smoke_test
Command: "/home/jan/Documents/School/druhak/URO/cpp_projekt/build/model_smoke_test"
Directory: /home/jan/Documents/School/druhak/URO/cpp_projekt/build
"model_smoke_test" start time: Mar 24 15:54 CET
Output:
----------------------------------------------------------
<end of output>
Test time =   0.00 sec
----------------------------------------------------------
Test Passed.
"model_smoke_test" end time: Mar 24 15:54 CET
"model_smoke_test" time elapsed: 00:00:00
----------------------------------------------------------

End testing: Mar 24 15:54 CET
